  [1m[36m (1.7ms)[0m  [1mCREATE TABLE "schema_migrations" ("version" varchar NOT NULL) [0m
  [1m[35m (0.1ms)[0m  select sqlite_version(*)
  [1m[36m (1.6ms)[0m  [1mCREATE UNIQUE INDEX "unique_schema_migrations" ON "schema_migrations" ("version")[0m
  [1m[35mActiveRecord::SchemaMigration Load (0.1ms)[0m  SELECT "schema_migrations".* FROM "schema_migrations"


Started GET "/" for ::1 at 2015-11-17 17:47:54 -0600
Processing by Rails::WelcomeController#index as HTML
  Rendered /Users/admin/.rvm/gems/ruby-2.1.2/gems/railties-4.2.3/lib/rails/templates/rails/welcome/index.html.erb (2.8ms)
Completed 200 OK in 27ms (Views: 19.4ms | ActiveRecord: 0.0ms)
  [1m[36mActiveRecord::SchemaMigration Load (0.1ms)[0m  [1mSELECT "schema_migrations".* FROM "schema_migrations"[0m
Migrating to CreateStudents (1)
  [1m[35m (0.1ms)[0m  begin transaction
  [1m[36m (0.4ms)[0m  [1mCREATE TABLE "students" ("id" INTEGER PRIMARY KEY AUTOINCREMENT NOT NULL, "first_name" varchar, "last_name" varchar, "created_at" datetime NOT NULL, "updated_at" datetime NOT NULL) [0m
  [1m[35mSQL (0.3ms)[0m  INSERT INTO "schema_migrations" ("version") VALUES (?)  [["version", "1"]]
  [1m[36m (1.4ms)[0m  [1mcommit transaction[0m
  [1m[35mActiveRecord::SchemaMigration Load (0.1ms)[0m  SELECT "schema_migrations".* FROM "schema_migrations"
  [1m[36m (0.1ms)[0m  [1mbegin transaction[0m
  [1m[35mSQL (0.3ms)[0m  INSERT INTO "students" ("first_name", "last_name", "created_at", "updated_at") VALUES (?, ?, ?, ?)  [["first_name", "Jordan"], ["last_name", "Hudgens"], ["created_at", "2015-11-18 00:10:55.545365"], ["updated_at", "2015-11-18 00:10:55.545365"]]
  [1m[36m (2.9ms)[0m  [1mcommit transaction[0m
  [1m[35mStudent Load (0.2ms)[0m  SELECT  "students".* FROM "students"  ORDER BY "students"."id" DESC LIMIT 1
  [1m[36m (0.1ms)[0m  [1mbegin transaction[0m
  [1m[35mSQL (0.3ms)[0m  INSERT INTO "students" ("created_at", "updated_at") VALUES (?, ?)  [["created_at", "2015-11-18 00:17:49.095449"], ["updated_at", "2015-11-18 00:17:49.095449"]]
  [1m[36m (1.2ms)[0m  [1mcommit transaction[0m
  [1m[35mStudent Load (0.2ms)[0m  SELECT  "students".* FROM "students"  ORDER BY "students"."id" DESC LIMIT 1
  [1m[36mActiveRecord::SchemaMigration Load (0.1ms)[0m  [1mSELECT "schema_migrations".* FROM "schema_migrations"[0m
  [1m[35mActiveRecord::SchemaMigration Load (0.1ms)[0m  SELECT "schema_migrations".* FROM "schema_migrations"


Started GET "/" for ::1 at 2015-11-18 13:36:42 -0600
  [1m[36mActiveRecord::SchemaMigration Load (0.1ms)[0m  [1mSELECT "schema_migrations".* FROM "schema_migrations"[0m
Processing by Rails::WelcomeController#index as HTML
  Rendered /Users/admin/.rvm/gems/ruby-2.1.2/gems/railties-4.2.3/lib/rails/templates/rails/welcome/index.html.erb (2.4ms)
Completed 200 OK in 39ms (Views: 24.5ms | ActiveRecord: 0.0ms)


Started GET "/" for ::1 at 2015-11-18 13:37:10 -0600
Processing by Rails::WelcomeController#index as HTML
  Rendered /Users/admin/.rvm/gems/ruby-2.1.2/gems/railties-4.2.3/lib/rails/templates/rails/welcome/index.html.erb (0.0ms)
Completed 200 OK in 1ms (Views: 0.7ms | ActiveRecord: 0.0ms)
  [1m[36mActiveRecord::SchemaMigration Load (0.5ms)[0m  [1mSELECT "schema_migrations".* FROM "schema_migrations"[0m
  [1m[35mActiveRecord::SchemaMigration Load (0.1ms)[0m  SELECT "schema_migrations".* FROM "schema_migrations"
  [1m[36mStudent Load (0.4ms)[0m  [1mSELECT  "students".* FROM "students"  ORDER BY "students"."id" DESC LIMIT 1[0m
  [1m[35mStudent Load (0.2ms)[0m  SELECT  "students".* FROM "students"  ORDER BY "students"."id" DESC LIMIT 1
  [1m[36m (0.1ms)[0m  [1mbegin transaction[0m
  [1m[35mSQL (0.6ms)[0m  DELETE FROM "students" WHERE "students"."id" = ?  [["id", 2]]
  [1m[36m (1.6ms)[0m  [1mcommit transaction[0m
  [1m[35mStudent Load (0.2ms)[0m  SELECT "students".* FROM "students"
  [1m[35m (1.3ms)[0m  [1m[35mCREATE TABLE "ar_internal_metadata" ("key" varchar NOT NULL PRIMARY KEY, "value" varchar, "created_at" datetime NOT NULL, "updated_at" datetime NOT NULL)[0m
  [1m[36mActiveRecord::SchemaMigration Load (0.1ms)[0m  [1m[34mSELECT "schema_migrations".* FROM "schema_migrations"[0m
Migrating to CreateSchoolClasses (20190927025437)
  [1m[35m (0.1ms)[0m  [1m[36mbegin transaction[0m
  [1m[35m (0.3ms)[0m  [1m[35mCREATE TABLE "school_classes" ("id" INTEGER PRIMARY KEY AUTOINCREMENT NOT NULL, "title" varchar, "room_number" integer)[0m
  [1m[35mSQL (0.1ms)[0m  [1m[32mINSERT INTO "schema_migrations" ("version") VALUES (?)[0m  [["version", "20190927025437"]]
  [1m[35m (0.9ms)[0m  [1m[36mcommit transaction[0m
  [1m[36mActiveRecord::InternalMetadata Load (0.1ms)[0m  [1m[34mSELECT  "ar_internal_metadata".* FROM "ar_internal_metadata" WHERE "ar_internal_metadata"."key" = ? LIMIT ?[0m  [["key", "environment"], ["LIMIT", 1]]
  [1m[35m (0.0ms)[0m  [1m[36mbegin transaction[0m
  [1m[35mSQL (0.3ms)[0m  [1m[32mINSERT INTO "ar_internal_metadata" ("key", "value", "created_at", "updated_at") VALUES (?, ?, ?, ?)[0m  [["key", "environment"], ["value", "development"], ["created_at", "2019-09-27 02:55:15.024876"], ["updated_at", "2019-09-27 02:55:15.024876"]]
  [1m[35m (0.6ms)[0m  [1m[36mcommit transaction[0m
  [1m[36mActiveRecord::SchemaMigration Load (0.1ms)[0m  [1m[34mSELECT "schema_migrations".* FROM "schema_migrations"[0m
Started GET "/" for ::1 at 2019-09-26 20:04:00 -0700
  [1m[36mActiveRecord::SchemaMigration Load (0.4ms)[0m  [1m[34mSELECT "schema_migrations".* FROM "schema_migrations"[0m
Processing by Rails::WelcomeController#index as HTML
  Parameters: {"internal"=>true}
  Rendering /Users/melissawilliams/.rbenv/versions/2.6.3/lib/ruby/gems/2.6.0/gems/railties-5.0.7.1/lib/rails/templates/rails/welcome/index.html.erb
  Rendered /Users/melissawilliams/.rbenv/versions/2.6.3/lib/ruby/gems/2.6.0/gems/railties-5.0.7.1/lib/rails/templates/rails/welcome/index.html.erb (3.5ms)
Completed 200 OK in 28ms (Views: 9.0ms | ActiveRecord: 0.0ms)


Started GET "/students/new" for ::1 at 2019-09-26 20:04:04 -0700
Processing by StudentsController#new as HTML
  Rendering students/new.html.erb within layouts/application
  Rendered students/new.html.erb within layouts/application (27.7ms)
Completed 200 OK in 468ms (Views: 459.3ms | ActiveRecord: 0.9ms)


Started POST "/students" for ::1 at 2019-09-26 20:04:10 -0700
Processing by StudentsController#create as HTML
  Parameters: {"utf8"=>"✓", "authenticity_token"=>"bWKldbi3rsAdcPU3V0Biu3YRWeB7XKhDbd+wX0FvI5ydXlKL+9kgWAgXF/b1MbmPhMGZsqB25Voo3EDArp+SzQ==", "student"=>{"first_name"=>"Mel", "last_name"=>"Williams"}, "commit"=>"Create Student"}
  [1m[35m (0.1ms)[0m  [1m[36mbegin transaction[0m
  [1m[35mSQL (1.5ms)[0m  [1m[32mINSERT INTO "students" ("created_at", "updated_at") VALUES (?, ?)[0m  [["created_at", "2019-09-27 03:04:10.400377"], ["updated_at", "2019-09-27 03:04:10.400377"]]
  [1m[35m (1.0ms)[0m  [1m[36mcommit transaction[0m
Redirected to http://localhost:3000/students/3
Completed 302 Found in 11ms (ActiveRecord: 2.6ms)


Started GET "/students/3" for ::1 at 2019-09-26 20:04:10 -0700
Processing by StudentsController#show as HTML
  Parameters: {"id"=>"3"}
  Rendering students/show.html.erb within layouts/application
  Rendered students/show.html.erb within layouts/application (0.6ms)
Completed 200 OK in 14ms (Views: 11.9ms | ActiveRecord: 0.0ms)


Started POST "/students" for ::1 at 2019-09-26 20:04:50 -0700
Processing by StudentsController#create as HTML
  Parameters: {"utf8"=>"✓", "authenticity_token"=>"bWKldbi3rsAdcPU3V0Biu3YRWeB7XKhDbd+wX0FvI5ydXlKL+9kgWAgXF/b1MbmPhMGZsqB25Voo3EDArp+SzQ==", "student"=>{"first_name"=>"Melissa", "last_name"=>"Marie"}, "commit"=>"Create Student"}
  [1m[35m (0.0ms)[0m  [1m[36mbegin transaction[0m
  [1m[35mSQL (0.3ms)[0m  [1m[32mINSERT INTO "students" ("created_at", "updated_at") VALUES (?, ?)[0m  [["created_at", "2019-09-27 03:04:50.467604"], ["updated_at", "2019-09-27 03:04:50.467604"]]
  [1m[35m (0.9ms)[0m  [1m[36mcommit transaction[0m
Redirected to http://localhost:3000/students/4
Completed 302 Found in 11ms (ActiveRecord: 2.0ms)


Started GET "/students/4" for ::1 at 2019-09-26 20:04:50 -0700
Processing by StudentsController#show as HTML
  Parameters: {"id"=>"4"}
  [1m[36mStudent Load (0.2ms)[0m  [1m[34mSELECT  "students".* FROM "students" WHERE "students"."id" = ? LIMIT ?[0m  [["id", 4], ["LIMIT", 1]]
  Rendering students/show.html.erb within layouts/application
  Rendered students/show.html.erb within layouts/application (4.0ms)
Completed 500 Internal Server Error in 11ms (ActiveRecord: 0.2ms)


  
ActionView::Template::Error (undefined method `+' for nil:NilClass):
    1: <h1><%= @student.to_s %></h1>
  
app/models/student.rb:3:in `to_s'
app/views/students/show.html.erb:1:in `_app_views_students_show_html_erb__990873431486618734_70316479943540'
  Rendering /Users/melissawilliams/.rbenv/versions/2.6.3/lib/ruby/gems/2.6.0/gems/actionpack-5.0.7.1/lib/action_dispatch/middleware/templates/rescues/template_error.html.erb within rescues/layout
  Rendering /Users/melissawilliams/.rbenv/versions/2.6.3/lib/ruby/gems/2.6.0/gems/actionpack-5.0.7.1/lib/action_dispatch/middleware/templates/rescues/_source.html.erb
  Rendered /Users/melissawilliams/.rbenv/versions/2.6.3/lib/ruby/gems/2.6.0/gems/actionpack-5.0.7.1/lib/action_dispatch/middleware/templates/rescues/_source.html.erb (3.4ms)
  Rendering /Users/melissawilliams/.rbenv/versions/2.6.3/lib/ruby/gems/2.6.0/gems/actionpack-5.0.7.1/lib/action_dispatch/middleware/templates/rescues/_trace.html.erb
  Rendered /Users/melissawilliams/.rbenv/versions/2.6.3/lib/ruby/gems/2.6.0/gems/actionpack-5.0.7.1/lib/action_dispatch/middleware/templates/rescues/_trace.html.erb (1.1ms)
  Rendering /Users/melissawilliams/.rbenv/versions/2.6.3/lib/ruby/gems/2.6.0/gems/actionpack-5.0.7.1/lib/action_dispatch/middleware/templates/rescues/_request_and_response.html.erb
  Rendered /Users/melissawilliams/.rbenv/versions/2.6.3/lib/ruby/gems/2.6.0/gems/actionpack-5.0.7.1/lib/action_dispatch/middleware/templates/rescues/_request_and_response.html.erb (1.5ms)
  Rendered /Users/melissawilliams/.rbenv/versions/2.6.3/lib/ruby/gems/2.6.0/gems/actionpack-5.0.7.1/lib/action_dispatch/middleware/templates/rescues/template_error.html.erb within rescues/layout (26.3ms)
Started POST "/students" for ::1 at 2019-09-26 20:06:04 -0700
Processing by StudentsController#create as HTML
  Parameters: {"utf8"=>"✓", "authenticity_token"=>"bWKldbi3rsAdcPU3V0Biu3YRWeB7XKhDbd+wX0FvI5ydXlKL+9kgWAgXF/b1MbmPhMGZsqB25Voo3EDArp+SzQ==", "student"=>{"first_name"=>"Melissa", "last_name"=>"Marie"}, "commit"=>"Create Student"}
  [1m[35m (0.0ms)[0m  [1m[36mbegin transaction[0m
  [1m[35mSQL (0.4ms)[0m  [1m[32mINSERT INTO "students" ("created_at", "updated_at") VALUES (?, ?)[0m  [["created_at", "2019-09-27 03:06:04.364843"], ["updated_at", "2019-09-27 03:06:04.364843"]]
  [1m[35m (2.5ms)[0m  [1m[36mcommit transaction[0m
Redirected to http://localhost:3000/students/5
Completed 302 Found in 15ms (ActiveRecord: 3.3ms)


Started GET "/students/5" for ::1 at 2019-09-26 20:06:04 -0700
Processing by StudentsController#show as HTML
  Parameters: {"id"=>"5"}
  [1m[36mStudent Load (0.5ms)[0m  [1m[34mSELECT  "students".* FROM "students" WHERE "students"."id" = ? LIMIT ?[0m  [["id", 5], ["LIMIT", 1]]
  Rendering students/show.html.erb within layouts/application
  Rendered students/show.html.erb within layouts/application (0.3ms)
Completed 200 OK in 18ms (Views: 11.6ms | ActiveRecord: 0.4ms)


Started GET "/students/5" for ::1 at 2019-09-26 20:08:32 -0700
Processing by StudentsController#show as HTML
  Parameters: {"id"=>"5"}
  [1m[36mStudent Load (0.1ms)[0m  [1m[34mSELECT  "students".* FROM "students" WHERE "students"."id" = ? LIMIT ?[0m  [["id", 5], ["LIMIT", 1]]
  Rendering students/show.html.erb within layouts/application
  Rendered students/show.html.erb within layouts/application (1.1ms)
Completed 200 OK in 31ms (Views: 21.9ms | ActiveRecord: 0.9ms)


Started GET "/students/5" for ::1 at 2019-09-26 20:08:48 -0700
Processing by StudentsController#show as HTML
  Parameters: {"id"=>"5"}
  [1m[36mStudent Load (0.2ms)[0m  [1m[34mSELECT  "students".* FROM "students" WHERE "students"."id" = ? LIMIT ?[0m  [["id", 5], ["LIMIT", 1]]
  Rendering students/show.html.erb within layouts/application
  Rendered students/show.html.erb within layouts/application (0.3ms)
Completed 200 OK in 11ms (Views: 9.9ms | ActiveRecord: 0.2ms)


Started GET "/students/5" for ::1 at 2019-09-26 20:09:07 -0700
Processing by StudentsController#show as HTML
  Parameters: {"id"=>"5"}
  [1m[36mStudent Load (0.1ms)[0m  [1m[34mSELECT  "students".* FROM "students" WHERE "students"."id" = ? LIMIT ?[0m  [["id", 5], ["LIMIT", 1]]
  Rendering students/show.html.erb within layouts/application
  Rendered students/show.html.erb within layouts/application (0.3ms)
Completed 200 OK in 11ms (Views: 9.3ms | ActiveRecord: 0.1ms)


Started GET "/students/5" for ::1 at 2019-09-26 20:09:08 -0700
Processing by StudentsController#show as HTML
  Parameters: {"id"=>"5"}
  [1m[36mStudent Load (0.1ms)[0m  [1m[34mSELECT  "students".* FROM "students" WHERE "students"."id" = ? LIMIT ?[0m  [["id", 5], ["LIMIT", 1]]
  Rendering students/show.html.erb within layouts/application
  Rendered students/show.html.erb within layouts/application (0.8ms)
Completed 200 OK in 11ms (Views: 9.5ms | ActiveRecord: 0.1ms)


  [1m[36mStudent Load (0.1ms)[0m  [1m[34mSELECT  "students".* FROM "students" WHERE "students"."id" = ? LIMIT ?[0m  [["id", 5], ["LIMIT", 1]]
  [1m[35m (0.1ms)[0m  [1m[36mbegin transaction[0m
  [1m[35mSQL (0.7ms)[0m  [1m[32mINSERT INTO "students" ("first_name", "last_name", "created_at", "updated_at") VALUES (?, ?, ?, ?)[0m  [["first_name", "Mel"], ["last_name", "Williams"], ["created_at", "2019-09-27 03:10:54.012198"], ["updated_at", "2019-09-27 03:10:54.012198"]]
  [1m[35m (0.8ms)[0m  [1m[36mcommit transaction[0m
Started GET "/students/6" for ::1 at 2019-09-26 20:11:12 -0700
Processing by StudentsController#show as HTML
  Parameters: {"id"=>"6"}
  [1m[36mStudent Load (0.7ms)[0m  [1m[34mSELECT  "students".* FROM "students" WHERE "students"."id" = ? LIMIT ?[0m  [["id", 6], ["LIMIT", 1]]
  Rendering students/show.html.erb within layouts/application
  Rendered students/show.html.erb within layouts/application (0.4ms)
Completed 200 OK in 39ms (Views: 23.8ms | ActiveRecord: 1.8ms)


Started GET "/students/new" for ::1 at 2019-09-26 20:11:20 -0700
Processing by StudentsController#new as HTML
  Rendering students/new.html.erb within layouts/application
  Rendered students/new.html.erb within layouts/application (2.9ms)
Completed 200 OK in 20ms (Views: 18.0ms | ActiveRecord: 0.0ms)


Started POST "/students" for ::1 at 2019-09-26 20:11:30 -0700
Processing by StudentsController#create as HTML
  Parameters: {"utf8"=>"✓", "authenticity_token"=>"4lz5xf3UA6DHnaAc6nOrlFCs1dXtptZtjwtFJWRIMFMSYA47vrqNONL6Qt1IAnCgonwVhzaMm3TKCLW6i7iBAg==", "student"=>{"first_name"=>"Heidi", "last_name"=>"Brown"}, "commit"=>"Create Student"}
Completed 500 Internal Server Error in 1ms (ActiveRecord: 0.0ms)


  
NoMethodError (undefined method `[]' for nil:NilClass):
  
app/controllers/students_controller.rb:12:in `create'
  Rendering /Users/melissawilliams/.rbenv/versions/2.6.3/lib/ruby/gems/2.6.0/gems/actionpack-5.0.7.1/lib/action_dispatch/middleware/templates/rescues/diagnostics.html.erb within rescues/layout
  Rendering /Users/melissawilliams/.rbenv/versions/2.6.3/lib/ruby/gems/2.6.0/gems/actionpack-5.0.7.1/lib/action_dispatch/middleware/templates/rescues/_source.html.erb
  Rendered /Users/melissawilliams/.rbenv/versions/2.6.3/lib/ruby/gems/2.6.0/gems/actionpack-5.0.7.1/lib/action_dispatch/middleware/templates/rescues/_source.html.erb (1.9ms)
  Rendering /Users/melissawilliams/.rbenv/versions/2.6.3/lib/ruby/gems/2.6.0/gems/actionpack-5.0.7.1/lib/action_dispatch/middleware/templates/rescues/_trace.html.erb
  Rendered /Users/melissawilliams/.rbenv/versions/2.6.3/lib/ruby/gems/2.6.0/gems/actionpack-5.0.7.1/lib/action_dispatch/middleware/templates/rescues/_trace.html.erb (1.8ms)
  Rendering /Users/melissawilliams/.rbenv/versions/2.6.3/lib/ruby/gems/2.6.0/gems/actionpack-5.0.7.1/lib/action_dispatch/middleware/templates/rescues/_request_and_response.html.erb
  Rendered /Users/melissawilliams/.rbenv/versions/2.6.3/lib/ruby/gems/2.6.0/gems/actionpack-5.0.7.1/lib/action_dispatch/middleware/templates/rescues/_request_and_response.html.erb (0.9ms)
  Rendered /Users/melissawilliams/.rbenv/versions/2.6.3/lib/ruby/gems/2.6.0/gems/actionpack-5.0.7.1/lib/action_dispatch/middleware/templates/rescues/diagnostics.html.erb within rescues/layout (29.1ms)
Started POST "/students" for ::1 at 2019-09-26 20:13:17 -0700
Processing by StudentsController#create as HTML
  Parameters: {"utf8"=>"✓", "authenticity_token"=>"4lz5xf3UA6DHnaAc6nOrlFCs1dXtptZtjwtFJWRIMFMSYA47vrqNONL6Qt1IAnCgonwVhzaMm3TKCLW6i7iBAg==", "student"=>{"first_name"=>"Heidi", "last_name"=>"Brown"}, "commit"=>"Create Student"}
Completed 400 Bad Request in 3ms (ActiveRecord: 0.0ms)


  
ActionController::ParameterMissing (param is missing or the value is empty: post):
  
app/controllers/students_controller.rb:24:in `post_params'
app/controllers/students_controller.rb:11:in `create'
  Rendering /Users/melissawilliams/.rbenv/versions/2.6.3/lib/ruby/gems/2.6.0/gems/actionpack-5.0.7.1/lib/action_dispatch/middleware/templates/rescues/diagnostics.html.erb within rescues/layout
  Rendering /Users/melissawilliams/.rbenv/versions/2.6.3/lib/ruby/gems/2.6.0/gems/actionpack-5.0.7.1/lib/action_dispatch/middleware/templates/rescues/_source.html.erb
  Rendered /Users/melissawilliams/.rbenv/versions/2.6.3/lib/ruby/gems/2.6.0/gems/actionpack-5.0.7.1/lib/action_dispatch/middleware/templates/rescues/_source.html.erb (2.6ms)
  Rendering /Users/melissawilliams/.rbenv/versions/2.6.3/lib/ruby/gems/2.6.0/gems/actionpack-5.0.7.1/lib/action_dispatch/middleware/templates/rescues/_trace.html.erb
  Rendered /Users/melissawilliams/.rbenv/versions/2.6.3/lib/ruby/gems/2.6.0/gems/actionpack-5.0.7.1/lib/action_dispatch/middleware/templates/rescues/_trace.html.erb (1.3ms)
  Rendering /Users/melissawilliams/.rbenv/versions/2.6.3/lib/ruby/gems/2.6.0/gems/actionpack-5.0.7.1/lib/action_dispatch/middleware/templates/rescues/_request_and_response.html.erb
  Rendered /Users/melissawilliams/.rbenv/versions/2.6.3/lib/ruby/gems/2.6.0/gems/actionpack-5.0.7.1/lib/action_dispatch/middleware/templates/rescues/_request_and_response.html.erb (2.0ms)
  Rendered /Users/melissawilliams/.rbenv/versions/2.6.3/lib/ruby/gems/2.6.0/gems/actionpack-5.0.7.1/lib/action_dispatch/middleware/templates/rescues/diagnostics.html.erb within rescues/layout (23.3ms)
Started POST "/students" for ::1 at 2019-09-26 20:13:35 -0700
Processing by StudentsController#create as HTML
  Parameters: {"utf8"=>"✓", "authenticity_token"=>"4lz5xf3UA6DHnaAc6nOrlFCs1dXtptZtjwtFJWRIMFMSYA47vrqNONL6Qt1IAnCgonwVhzaMm3TKCLW6i7iBAg==", "student"=>{"first_name"=>"Heidi", "last_name"=>"Brown"}, "commit"=>"Create Student"}
  [1m[35m (0.0ms)[0m  [1m[36mbegin transaction[0m
  [1m[35mSQL (0.3ms)[0m  [1m[32mINSERT INTO "students" ("first_name", "last_name", "created_at", "updated_at") VALUES (?, ?, ?, ?)[0m  [["first_name", "Heidi"], ["last_name", "Brown"], ["created_at", "2019-09-27 03:13:35.876316"], ["updated_at", "2019-09-27 03:13:35.876316"]]
  [1m[35m (1.8ms)[0m  [1m[36mcommit transaction[0m
Redirected to http://localhost:3000/students/7
Completed 302 Found in 10ms (ActiveRecord: 2.5ms)


Started GET "/students/7" for ::1 at 2019-09-26 20:13:35 -0700
Processing by StudentsController#show as HTML
  Parameters: {"id"=>"7"}
  [1m[36mStudent Load (0.1ms)[0m  [1m[34mSELECT  "students".* FROM "students" WHERE "students"."id" = ? LIMIT ?[0m  [["id", 7], ["LIMIT", 1]]
  Rendering students/show.html.erb within layouts/application
  Rendered students/show.html.erb within layouts/application (1.0ms)
Completed 200 OK in 22ms (Views: 20.1ms | ActiveRecord: 0.1ms)


Started GET "/school_classes/new" for ::1 at 2019-09-26 20:46:55 -0700
Processing by SchoolClassesController#new as HTML
  Rendering school_classes/new.html.erb within layouts/application
  Rendered school_classes/new.html.erb within layouts/application (2.4ms)
Completed 200 OK in 22ms (Views: 15.0ms | ActiveRecord: 0.7ms)


Started POST "/school_classes" for ::1 at 2019-09-26 20:47:00 -0700
Processing by SchoolClassesController#create as HTML
  Parameters: {"utf8"=>"✓", "authenticity_token"=>"2zSsSAYSfnU5+Jg+7FAwgHez09zj4UYT9edl1SZPhGQrCFu2RXzw7Syfev9OIeu0hWMTjjjLCwqw5JVKyb81NQ==", "school_class"=>{"title"=>"Homeroom", "room_number"=>"1"}, "commit"=>"Create School class"}
  [1m[35m (0.0ms)[0m  [1m[36mbegin transaction[0m
  [1m[35mSQL (0.3ms)[0m  [1m[32mINSERT INTO "school_classes" ("title", "room_number") VALUES (?, ?)[0m  [["title", "Homeroom"], ["room_number", 1]]
  [1m[35m (0.7ms)[0m  [1m[36mcommit transaction[0m
Redirected to http://localhost:3000/school_classes/1
Completed 302 Found in 3ms (ActiveRecord: 1.0ms)


Started GET "/school_classes/1" for ::1 at 2019-09-26 20:47:00 -0700
Processing by SchoolClassesController#show as HTML
  Parameters: {"id"=>"1"}
  [1m[36mSchoolClass Load (0.3ms)[0m  [1m[34mSELECT  "school_classes".* FROM "school_classes" WHERE "school_classes"."id" = ? LIMIT ?[0m  [["id", 1], ["LIMIT", 1]]
  Rendering school_classes/show.html.erb within layouts/application
  Rendered school_classes/show.html.erb within layouts/application (2.6ms)
Completed 500 Internal Server Error in 8ms (ActiveRecord: 0.3ms)


  
ActionView::Template::Error (wrong number of arguments (given 1, expected 0)):
    1: <h1> <%= @school_class.title @school_class.room_number %> </h1>
  
app/views/school_classes/show.html.erb:1:in `_app_views_school_classes_show_html_erb__4438945624453494614_70316510657760'
  Rendering /Users/melissawilliams/.rbenv/versions/2.6.3/lib/ruby/gems/2.6.0/gems/actionpack-5.0.7.1/lib/action_dispatch/middleware/templates/rescues/template_error.html.erb within rescues/layout
  Rendering /Users/melissawilliams/.rbenv/versions/2.6.3/lib/ruby/gems/2.6.0/gems/actionpack-5.0.7.1/lib/action_dispatch/middleware/templates/rescues/_source.html.erb
  Rendered /Users/melissawilliams/.rbenv/versions/2.6.3/lib/ruby/gems/2.6.0/gems/actionpack-5.0.7.1/lib/action_dispatch/middleware/templates/rescues/_source.html.erb (2.7ms)
  Rendering /Users/melissawilliams/.rbenv/versions/2.6.3/lib/ruby/gems/2.6.0/gems/actionpack-5.0.7.1/lib/action_dispatch/middleware/templates/rescues/_trace.html.erb
  Rendered /Users/melissawilliams/.rbenv/versions/2.6.3/lib/ruby/gems/2.6.0/gems/actionpack-5.0.7.1/lib/action_dispatch/middleware/templates/rescues/_trace.html.erb (2.8ms)
  Rendering /Users/melissawilliams/.rbenv/versions/2.6.3/lib/ruby/gems/2.6.0/gems/actionpack-5.0.7.1/lib/action_dispatch/middleware/templates/rescues/_request_and_response.html.erb
  Rendered /Users/melissawilliams/.rbenv/versions/2.6.3/lib/ruby/gems/2.6.0/gems/actionpack-5.0.7.1/lib/action_dispatch/middleware/templates/rescues/_request_and_response.html.erb (0.6ms)
  Rendered /Users/melissawilliams/.rbenv/versions/2.6.3/lib/ruby/gems/2.6.0/gems/actionpack-5.0.7.1/lib/action_dispatch/middleware/templates/rescues/template_error.html.erb within rescues/layout (25.7ms)
Started GET "/school_classes/1" for ::1 at 2019-09-26 20:48:02 -0700
Processing by SchoolClassesController#show as HTML
  Parameters: {"id"=>"1"}
  [1m[36mSchoolClass Load (0.1ms)[0m  [1m[34mSELECT  "school_classes".* FROM "school_classes" WHERE "school_classes"."id" = ? LIMIT ?[0m  [["id", 1], ["LIMIT", 1]]
  Rendering school_classes/show.html.erb within layouts/application
  Rendered school_classes/show.html.erb within layouts/application (0.4ms)
Completed 200 OK in 14ms (Views: 12.3ms | ActiveRecord: 0.1ms)


Started GET "/school_classes/1" for ::1 at 2019-09-26 20:48:14 -0700
Processing by SchoolClassesController#show as HTML
  Parameters: {"id"=>"1"}
  [1m[36mSchoolClass Load (0.2ms)[0m  [1m[34mSELECT  "school_classes".* FROM "school_classes" WHERE "school_classes"."id" = ? LIMIT ?[0m  [["id", 1], ["LIMIT", 1]]
  Rendering school_classes/show.html.erb within layouts/application
  Rendered school_classes/show.html.erb within layouts/application (0.7ms)
Completed 500 Internal Server Error in 3ms (ActiveRecord: 0.2ms)


  
ActionView::Template::Error (wrong number of arguments (given 1, expected 0)):
    1: <h1> <%= @school_class.title @school_class.room_number %> </h1>
  
app/views/school_classes/show.html.erb:1:in `_app_views_school_classes_show_html_erb__4438945624453494614_70316507960120'
  Rendering /Users/melissawilliams/.rbenv/versions/2.6.3/lib/ruby/gems/2.6.0/gems/actionpack-5.0.7.1/lib/action_dispatch/middleware/templates/rescues/template_error.html.erb within rescues/layout
  Rendering /Users/melissawilliams/.rbenv/versions/2.6.3/lib/ruby/gems/2.6.0/gems/actionpack-5.0.7.1/lib/action_dispatch/middleware/templates/rescues/_source.html.erb
  Rendered /Users/melissawilliams/.rbenv/versions/2.6.3/lib/ruby/gems/2.6.0/gems/actionpack-5.0.7.1/lib/action_dispatch/middleware/templates/rescues/_source.html.erb (2.6ms)
  Rendering /Users/melissawilliams/.rbenv/versions/2.6.3/lib/ruby/gems/2.6.0/gems/actionpack-5.0.7.1/lib/action_dispatch/middleware/templates/rescues/_trace.html.erb
  Rendered /Users/melissawilliams/.rbenv/versions/2.6.3/lib/ruby/gems/2.6.0/gems/actionpack-5.0.7.1/lib/action_dispatch/middleware/templates/rescues/_trace.html.erb (1.8ms)
  Rendering /Users/melissawilliams/.rbenv/versions/2.6.3/lib/ruby/gems/2.6.0/gems/actionpack-5.0.7.1/lib/action_dispatch/middleware/templates/rescues/_request_and_response.html.erb
  Rendered /Users/melissawilliams/.rbenv/versions/2.6.3/lib/ruby/gems/2.6.0/gems/actionpack-5.0.7.1/lib/action_dispatch/middleware/templates/rescues/_request_and_response.html.erb (0.6ms)
  Rendered /Users/melissawilliams/.rbenv/versions/2.6.3/lib/ruby/gems/2.6.0/gems/actionpack-5.0.7.1/lib/action_dispatch/middleware/templates/rescues/template_error.html.erb within rescues/layout (22.6ms)
Started POST "/school_classes" for ::1 at 2019-09-26 20:48:36 -0700
Processing by SchoolClassesController#create as HTML
  Parameters: {"utf8"=>"✓", "authenticity_token"=>"2zSsSAYSfnU5+Jg+7FAwgHez09zj4UYT9edl1SZPhGQrCFu2RXzw7Syfev9OIeu0hWMTjjjLCwqw5JVKyb81NQ==", "school_class"=>{"title"=>"Math", "room_number"=>"2"}, "commit"=>"Create School class"}
  [1m[35m (0.0ms)[0m  [1m[36mbegin transaction[0m
  [1m[35mSQL (0.7ms)[0m  [1m[32mINSERT INTO "school_classes" ("title", "room_number") VALUES (?, ?)[0m  [["title", "Math"], ["room_number", 2]]
  [1m[35m (1.3ms)[0m  [1m[36mcommit transaction[0m
Redirected to http://localhost:3000/school_classes/2
Completed 302 Found in 4ms (ActiveRecord: 2.0ms)


Started GET "/school_classes/2" for ::1 at 2019-09-26 20:48:36 -0700
Processing by SchoolClassesController#show as HTML
  Parameters: {"id"=>"2"}
  [1m[36mSchoolClass Load (0.1ms)[0m  [1m[34mSELECT  "school_classes".* FROM "school_classes" WHERE "school_classes"."id" = ? LIMIT ?[0m  [["id", 2], ["LIMIT", 1]]
  Rendering school_classes/show.html.erb within layouts/application
  Rendered school_classes/show.html.erb within layouts/application (0.4ms)
Completed 500 Internal Server Error in 3ms (ActiveRecord: 0.1ms)


  
SyntaxError (/Users/melissawilliams/Development/code/rails-form_for-lab-online-web-pt-051319/app/views/school_classes/show.html.erb:1: syntax error, unexpected ')', expecting '='
...le, @school_class.room_number );@output_buffer.safe_append='...
...                              ^
/Users/melissawilliams/Development/code/rails-form_for-lab-online-web-pt-051319/app/views/school_classes/show.html.erb:2: syntax error, unexpected ensure, expecting ')'
          ensure
          ^~~~~~
/Users/melissawilliams/Development/code/rails-form_for-lab-online-web-pt-051319/app/views/school_classes/show.html.erb:4: syntax error, unexpected end, expecting ')'
          end
          ^~~):
  
app/views/school_classes/show.html.erb:1: syntax error, unexpected ')', expecting '='
app/views/school_classes/show.html.erb:2: syntax error, unexpected ensure, expecting ')'
app/views/school_classes/show.html.erb:4: syntax error, unexpected end, expecting ')'
  Rendering /Users/melissawilliams/.rbenv/versions/2.6.3/lib/ruby/gems/2.6.0/gems/actionpack-5.0.7.1/lib/action_dispatch/middleware/templates/rescues/diagnostics.html.erb within rescues/layout
  Rendering /Users/melissawilliams/.rbenv/versions/2.6.3/lib/ruby/gems/2.6.0/gems/actionpack-5.0.7.1/lib/action_dispatch/middleware/templates/rescues/_source.html.erb
  Rendered /Users/melissawilliams/.rbenv/versions/2.6.3/lib/ruby/gems/2.6.0/gems/actionpack-5.0.7.1/lib/action_dispatch/middleware/templates/rescues/_source.html.erb (5.2ms)
  Rendering /Users/melissawilliams/.rbenv/versions/2.6.3/lib/ruby/gems/2.6.0/gems/actionpack-5.0.7.1/lib/action_dispatch/middleware/templates/rescues/_trace.html.erb
  Rendered /Users/melissawilliams/.rbenv/versions/2.6.3/lib/ruby/gems/2.6.0/gems/actionpack-5.0.7.1/lib/action_dispatch/middleware/templates/rescues/_trace.html.erb (1.5ms)
  Rendering /Users/melissawilliams/.rbenv/versions/2.6.3/lib/ruby/gems/2.6.0/gems/actionpack-5.0.7.1/lib/action_dispatch/middleware/templates/rescues/_request_and_response.html.erb
  Rendered /Users/melissawilliams/.rbenv/versions/2.6.3/lib/ruby/gems/2.6.0/gems/actionpack-5.0.7.1/lib/action_dispatch/middleware/templates/rescues/_request_and_response.html.erb (0.7ms)
  Rendered /Users/melissawilliams/.rbenv/versions/2.6.3/lib/ruby/gems/2.6.0/gems/actionpack-5.0.7.1/lib/action_dispatch/middleware/templates/rescues/diagnostics.html.erb within rescues/layout (20.5ms)
Started GET "/school_classes/2" for ::1 at 2019-09-26 20:48:50 -0700
Processing by SchoolClassesController#show as HTML
  Parameters: {"id"=>"2"}
  [1m[36mSchoolClass Load (0.1ms)[0m  [1m[34mSELECT  "school_classes".* FROM "school_classes" WHERE "school_classes"."id" = ? LIMIT ?[0m  [["id", 2], ["LIMIT", 1]]
  Rendering school_classes/show.html.erb within layouts/application
  Rendered school_classes/show.html.erb within layouts/application (0.7ms)
Completed 500 Internal Server Error in 3ms (ActiveRecord: 0.1ms)


  
ActionView::Template::Error (wrong number of arguments (given 1, expected 0)):
    1: <h1> <%= @school_class.title @school_class.room_number %> </h1>
  
app/views/school_classes/show.html.erb:1:in `_app_views_school_classes_show_html_erb__4438945624453494614_70316507926680'
  Rendering /Users/melissawilliams/.rbenv/versions/2.6.3/lib/ruby/gems/2.6.0/gems/actionpack-5.0.7.1/lib/action_dispatch/middleware/templates/rescues/template_error.html.erb within rescues/layout
  Rendering /Users/melissawilliams/.rbenv/versions/2.6.3/lib/ruby/gems/2.6.0/gems/actionpack-5.0.7.1/lib/action_dispatch/middleware/templates/rescues/_source.html.erb
  Rendered /Users/melissawilliams/.rbenv/versions/2.6.3/lib/ruby/gems/2.6.0/gems/actionpack-5.0.7.1/lib/action_dispatch/middleware/templates/rescues/_source.html.erb (2.4ms)
  Rendering /Users/melissawilliams/.rbenv/versions/2.6.3/lib/ruby/gems/2.6.0/gems/actionpack-5.0.7.1/lib/action_dispatch/middleware/templates/rescues/_trace.html.erb
  Rendered /Users/melissawilliams/.rbenv/versions/2.6.3/lib/ruby/gems/2.6.0/gems/actionpack-5.0.7.1/lib/action_dispatch/middleware/templates/rescues/_trace.html.erb (1.1ms)
  Rendering /Users/melissawilliams/.rbenv/versions/2.6.3/lib/ruby/gems/2.6.0/gems/actionpack-5.0.7.1/lib/action_dispatch/middleware/templates/rescues/_request_and_response.html.erb
  Rendered /Users/melissawilliams/.rbenv/versions/2.6.3/lib/ruby/gems/2.6.0/gems/actionpack-5.0.7.1/lib/action_dispatch/middleware/templates/rescues/_request_and_response.html.erb (0.7ms)
  Rendered /Users/melissawilliams/.rbenv/versions/2.6.3/lib/ruby/gems/2.6.0/gems/actionpack-5.0.7.1/lib/action_dispatch/middleware/templates/rescues/template_error.html.erb within rescues/layout (17.4ms)
Started GET "/students/5" for ::1 at 2019-09-26 20:49:53 -0700
Processing by StudentsController#show as HTML
  Parameters: {"id"=>"5"}
  [1m[36mStudent Load (0.1ms)[0m  [1m[34mSELECT  "students".* FROM "students" WHERE "students"."id" = ? LIMIT ?[0m  [["id", 5], ["LIMIT", 1]]
  Rendering students/show.html.erb within layouts/application
  Rendered students/show.html.erb within layouts/application (1.1ms)
Completed 500 Internal Server Error in 13ms (ActiveRecord: 0.7ms)


  
ActionView::Template::Error (wrong number of arguments (given 1, expected 0)):
    1: <h1><%= @student.first_name @student.last_name %></h1>
  
app/views/students/show.html.erb:1:in `_app_views_students_show_html_erb__990873431486618734_70316517609440'
  Rendering /Users/melissawilliams/.rbenv/versions/2.6.3/lib/ruby/gems/2.6.0/gems/actionpack-5.0.7.1/lib/action_dispatch/middleware/templates/rescues/template_error.html.erb within rescues/layout
  Rendering /Users/melissawilliams/.rbenv/versions/2.6.3/lib/ruby/gems/2.6.0/gems/actionpack-5.0.7.1/lib/action_dispatch/middleware/templates/rescues/_source.html.erb
  Rendered /Users/melissawilliams/.rbenv/versions/2.6.3/lib/ruby/gems/2.6.0/gems/actionpack-5.0.7.1/lib/action_dispatch/middleware/templates/rescues/_source.html.erb (2.8ms)
  Rendering /Users/melissawilliams/.rbenv/versions/2.6.3/lib/ruby/gems/2.6.0/gems/actionpack-5.0.7.1/lib/action_dispatch/middleware/templates/rescues/_trace.html.erb
  Rendered /Users/melissawilliams/.rbenv/versions/2.6.3/lib/ruby/gems/2.6.0/gems/actionpack-5.0.7.1/lib/action_dispatch/middleware/templates/rescues/_trace.html.erb (1.1ms)
  Rendering /Users/melissawilliams/.rbenv/versions/2.6.3/lib/ruby/gems/2.6.0/gems/actionpack-5.0.7.1/lib/action_dispatch/middleware/templates/rescues/_request_and_response.html.erb
  Rendered /Users/melissawilliams/.rbenv/versions/2.6.3/lib/ruby/gems/2.6.0/gems/actionpack-5.0.7.1/lib/action_dispatch/middleware/templates/rescues/_request_and_response.html.erb (0.6ms)
  Rendered /Users/melissawilliams/.rbenv/versions/2.6.3/lib/ruby/gems/2.6.0/gems/actionpack-5.0.7.1/lib/action_dispatch/middleware/templates/rescues/template_error.html.erb within rescues/layout (15.7ms)
Started GET "/students/5" for ::1 at 2019-09-26 20:50:03 -0700
Processing by StudentsController#show as HTML
  Parameters: {"id"=>"5"}
  [1m[36mStudent Load (0.2ms)[0m  [1m[34mSELECT  "students".* FROM "students" WHERE "students"."id" = ? LIMIT ?[0m  [["id", 5], ["LIMIT", 1]]
  Rendering students/show.html.erb within layouts/application
  Rendered students/show.html.erb within layouts/application (1.4ms)
Completed 500 Internal Server Error in 4ms (ActiveRecord: 0.2ms)


  
ActionView::Template::Error (undefined method `+' for nil:NilClass):
    1: <h1><%= @student.to_s %></h1>
  
app/models/student.rb:3:in `to_s'
app/views/students/show.html.erb:1:in `_app_views_students_show_html_erb__990873431486618734_70316468869400'
  Rendering /Users/melissawilliams/.rbenv/versions/2.6.3/lib/ruby/gems/2.6.0/gems/actionpack-5.0.7.1/lib/action_dispatch/middleware/templates/rescues/template_error.html.erb within rescues/layout
  Rendering /Users/melissawilliams/.rbenv/versions/2.6.3/lib/ruby/gems/2.6.0/gems/actionpack-5.0.7.1/lib/action_dispatch/middleware/templates/rescues/_source.html.erb
  Rendered /Users/melissawilliams/.rbenv/versions/2.6.3/lib/ruby/gems/2.6.0/gems/actionpack-5.0.7.1/lib/action_dispatch/middleware/templates/rescues/_source.html.erb (2.7ms)
  Rendering /Users/melissawilliams/.rbenv/versions/2.6.3/lib/ruby/gems/2.6.0/gems/actionpack-5.0.7.1/lib/action_dispatch/middleware/templates/rescues/_trace.html.erb
  Rendered /Users/melissawilliams/.rbenv/versions/2.6.3/lib/ruby/gems/2.6.0/gems/actionpack-5.0.7.1/lib/action_dispatch/middleware/templates/rescues/_trace.html.erb (1.1ms)
  Rendering /Users/melissawilliams/.rbenv/versions/2.6.3/lib/ruby/gems/2.6.0/gems/actionpack-5.0.7.1/lib/action_dispatch/middleware/templates/rescues/_request_and_response.html.erb
  Rendered /Users/melissawilliams/.rbenv/versions/2.6.3/lib/ruby/gems/2.6.0/gems/actionpack-5.0.7.1/lib/action_dispatch/middleware/templates/rescues/_request_and_response.html.erb (0.6ms)
  Rendered /Users/melissawilliams/.rbenv/versions/2.6.3/lib/ruby/gems/2.6.0/gems/actionpack-5.0.7.1/lib/action_dispatch/middleware/templates/rescues/template_error.html.erb within rescues/layout (17.3ms)
Started GET "/students/5" for ::1 at 2019-09-26 20:50:32 -0700
Processing by StudentsController#show as HTML
  Parameters: {"id"=>"5"}
  [1m[36mStudent Load (0.1ms)[0m  [1m[34mSELECT  "students".* FROM "students" WHERE "students"."id" = ? LIMIT ?[0m  [["id", 5], ["LIMIT", 1]]
  Rendering students/show.html.erb within layouts/application
  Rendered students/show.html.erb within layouts/application (1.1ms)
Completed 500 Internal Server Error in 4ms (ActiveRecord: 0.1ms)


  
ActionView::Template::Error (undefined method `+' for nil:NilClass):
    1: <h1><% @student.to_s %></h1>
  
app/models/student.rb:3:in `to_s'
app/views/students/show.html.erb:1:in `_app_views_students_show_html_erb__990873431486618734_70316480498360'
  Rendering /Users/melissawilliams/.rbenv/versions/2.6.3/lib/ruby/gems/2.6.0/gems/actionpack-5.0.7.1/lib/action_dispatch/middleware/templates/rescues/template_error.html.erb within rescues/layout
  Rendering /Users/melissawilliams/.rbenv/versions/2.6.3/lib/ruby/gems/2.6.0/gems/actionpack-5.0.7.1/lib/action_dispatch/middleware/templates/rescues/_source.html.erb
  Rendered /Users/melissawilliams/.rbenv/versions/2.6.3/lib/ruby/gems/2.6.0/gems/actionpack-5.0.7.1/lib/action_dispatch/middleware/templates/rescues/_source.html.erb (2.3ms)
  Rendering /Users/melissawilliams/.rbenv/versions/2.6.3/lib/ruby/gems/2.6.0/gems/actionpack-5.0.7.1/lib/action_dispatch/middleware/templates/rescues/_trace.html.erb
  Rendered /Users/melissawilliams/.rbenv/versions/2.6.3/lib/ruby/gems/2.6.0/gems/actionpack-5.0.7.1/lib/action_dispatch/middleware/templates/rescues/_trace.html.erb (2.7ms)
  Rendering /Users/melissawilliams/.rbenv/versions/2.6.3/lib/ruby/gems/2.6.0/gems/actionpack-5.0.7.1/lib/action_dispatch/middleware/templates/rescues/_request_and_response.html.erb
  Rendered /Users/melissawilliams/.rbenv/versions/2.6.3/lib/ruby/gems/2.6.0/gems/actionpack-5.0.7.1/lib/action_dispatch/middleware/templates/rescues/_request_and_response.html.erb (0.8ms)
  Rendered /Users/melissawilliams/.rbenv/versions/2.6.3/lib/ruby/gems/2.6.0/gems/actionpack-5.0.7.1/lib/action_dispatch/middleware/templates/rescues/template_error.html.erb within rescues/layout (19.5ms)
Started GET "/students/5" for ::1 at 2019-09-26 20:51:10 -0700
Processing by StudentsController#show as HTML
  Parameters: {"id"=>"5"}
  [1m[36mStudent Load (0.1ms)[0m  [1m[34mSELECT  "students".* FROM "students" WHERE "students"."id" = ? LIMIT ?[0m  [["id", 5], ["LIMIT", 1]]
  Rendering students/show.html.erb within layouts/application
  Rendered students/show.html.erb within layouts/application (0.4ms)
Completed 200 OK in 13ms (Views: 12.3ms | ActiveRecord: 0.1ms)


Started GET "/students/5" for ::1 at 2019-09-26 20:51:12 -0700
Processing by StudentsController#show as HTML
  Parameters: {"id"=>"5"}
  [1m[36mStudent Load (0.1ms)[0m  [1m[34mSELECT  "students".* FROM "students" WHERE "students"."id" = ? LIMIT ?[0m  [["id", 5], ["LIMIT", 1]]
  Rendering students/show.html.erb within layouts/application
  Rendered students/show.html.erb within layouts/application (0.4ms)
Completed 200 OK in 9ms (Views: 7.7ms | ActiveRecord: 0.1ms)


Started GET "/students/5" for ::1 at 2019-09-26 20:51:20 -0700
Processing by StudentsController#show as HTML
  Parameters: {"id"=>"5"}
  [1m[36mStudent Load (0.1ms)[0m  [1m[34mSELECT  "students".* FROM "students" WHERE "students"."id" = ? LIMIT ?[0m  [["id", 5], ["LIMIT", 1]]
  Rendering students/show.html.erb within layouts/application
  Rendered students/show.html.erb within layouts/application (0.4ms)
Completed 200 OK in 10ms (Views: 8.4ms | ActiveRecord: 0.1ms)


Started GET "/students/5" for ::1 at 2019-09-26 20:51:22 -0700
Processing by StudentsController#show as HTML
  Parameters: {"id"=>"5"}
  [1m[36mStudent Load (0.4ms)[0m  [1m[34mSELECT  "students".* FROM "students" WHERE "students"."id" = ? LIMIT ?[0m  [["id", 5], ["LIMIT", 1]]
  Rendering students/show.html.erb within layouts/application
  Rendered students/show.html.erb within layouts/application (0.4ms)
Completed 200 OK in 9ms (Views: 7.3ms | ActiveRecord: 0.4ms)


Started GET "/students/5" for ::1 at 2019-09-26 20:51:34 -0700
Processing by StudentsController#show as HTML
  Parameters: {"id"=>"5"}
  [1m[36mStudent Load (0.1ms)[0m  [1m[34mSELECT  "students".* FROM "students" WHERE "students"."id" = ? LIMIT ?[0m  [["id", 5], ["LIMIT", 1]]
  Rendering students/show.html.erb within layouts/application
  Rendered students/show.html.erb within layouts/application (0.4ms)
Completed 200 OK in 11ms (Views: 9.0ms | ActiveRecord: 0.1ms)


Started GET "/students/6" for ::1 at 2019-09-26 20:51:41 -0700
Processing by StudentsController#show as HTML
  Parameters: {"id"=>"6"}
  [1m[36mStudent Load (0.2ms)[0m  [1m[34mSELECT  "students".* FROM "students" WHERE "students"."id" = ? LIMIT ?[0m  [["id", 6], ["LIMIT", 1]]
  Rendering students/show.html.erb within layouts/application
  Rendered students/show.html.erb within layouts/application (0.4ms)
Completed 200 OK in 17ms (Views: 13.1ms | ActiveRecord: 0.2ms)


Started GET "/students/7" for ::1 at 2019-09-26 20:51:46 -0700
Processing by StudentsController#show as HTML
  Parameters: {"id"=>"7"}
  [1m[36mStudent Load (0.1ms)[0m  [1m[34mSELECT  "students".* FROM "students" WHERE "students"."id" = ? LIMIT ?[0m  [["id", 7], ["LIMIT", 1]]
  Rendering students/show.html.erb within layouts/application
  Rendered students/show.html.erb within layouts/application (0.3ms)
Completed 200 OK in 14ms (Views: 11.9ms | ActiveRecord: 0.1ms)


Started GET "/school_classes/2" for ::1 at 2019-09-26 20:51:54 -0700
Processing by SchoolClassesController#show as HTML
  Parameters: {"id"=>"2"}
  [1m[36mSchoolClass Load (0.2ms)[0m  [1m[34mSELECT  "school_classes".* FROM "school_classes" WHERE "school_classes"."id" = ? LIMIT ?[0m  [["id", 2], ["LIMIT", 1]]
  Rendering school_classes/show.html.erb within layouts/application
  Rendered school_classes/show.html.erb within layouts/application (0.9ms)
Completed 500 Internal Server Error in 7ms (ActiveRecord: 0.2ms)


  
ActionView::Template::Error (wrong number of arguments (given 1, expected 0)):
    1: <h1> <%= @school_class.title @school_class.room_number %> </h1>
  
app/views/school_classes/show.html.erb:1:in `_app_views_school_classes_show_html_erb__4438945624453494614_70316517541720'
  Rendering /Users/melissawilliams/.rbenv/versions/2.6.3/lib/ruby/gems/2.6.0/gems/actionpack-5.0.7.1/lib/action_dispatch/middleware/templates/rescues/template_error.html.erb within rescues/layout
  Rendering /Users/melissawilliams/.rbenv/versions/2.6.3/lib/ruby/gems/2.6.0/gems/actionpack-5.0.7.1/lib/action_dispatch/middleware/templates/rescues/_source.html.erb
  Rendered /Users/melissawilliams/.rbenv/versions/2.6.3/lib/ruby/gems/2.6.0/gems/actionpack-5.0.7.1/lib/action_dispatch/middleware/templates/rescues/_source.html.erb (3.3ms)
  Rendering /Users/melissawilliams/.rbenv/versions/2.6.3/lib/ruby/gems/2.6.0/gems/actionpack-5.0.7.1/lib/action_dispatch/middleware/templates/rescues/_trace.html.erb
  Rendered /Users/melissawilliams/.rbenv/versions/2.6.3/lib/ruby/gems/2.6.0/gems/actionpack-5.0.7.1/lib/action_dispatch/middleware/templates/rescues/_trace.html.erb (1.0ms)
  Rendering /Users/melissawilliams/.rbenv/versions/2.6.3/lib/ruby/gems/2.6.0/gems/actionpack-5.0.7.1/lib/action_dispatch/middleware/templates/rescues/_request_and_response.html.erb
  Rendered /Users/melissawilliams/.rbenv/versions/2.6.3/lib/ruby/gems/2.6.0/gems/actionpack-5.0.7.1/lib/action_dispatch/middleware/templates/rescues/_request_and_response.html.erb (2.2ms)
  Rendered /Users/melissawilliams/.rbenv/versions/2.6.3/lib/ruby/gems/2.6.0/gems/actionpack-5.0.7.1/lib/action_dispatch/middleware/templates/rescues/template_error.html.erb within rescues/layout (16.8ms)
Started GET "/school_classes/2" for ::1 at 2019-09-26 20:52:11 -0700
Processing by SchoolClassesController#show as HTML
  Parameters: {"id"=>"2"}
  [1m[36mSchoolClass Load (0.1ms)[0m  [1m[34mSELECT  "school_classes".* FROM "school_classes" WHERE "school_classes"."id" = ? LIMIT ?[0m  [["id", 2], ["LIMIT", 1]]
  Rendering school_classes/show.html.erb within layouts/application
  Rendered school_classes/show.html.erb within layouts/application (0.3ms)
Completed 200 OK in 10ms (Views: 8.4ms | ActiveRecord: 0.1ms)


Started GET "/school_classes/2" for ::1 at 2019-09-26 20:52:28 -0700
Processing by SchoolClassesController#show as HTML
  Parameters: {"id"=>"2"}
  [1m[36mSchoolClass Load (0.1ms)[0m  [1m[34mSELECT  "school_classes".* FROM "school_classes" WHERE "school_classes"."id" = ? LIMIT ?[0m  [["id", 2], ["LIMIT", 1]]
  Rendering school_classes/show.html.erb within layouts/application
  Rendered school_classes/show.html.erb within layouts/application (0.3ms)
Completed 200 OK in 9ms (Views: 7.9ms | ActiveRecord: 0.1ms)


Started GET "/school_classes/2" for ::1 at 2019-09-26 20:53:55 -0700
Processing by SchoolClassesController#show as HTML
  Parameters: {"id"=>"2"}
  [1m[36mSchoolClass Load (0.2ms)[0m  [1m[34mSELECT  "school_classes".* FROM "school_classes" WHERE "school_classes"."id" = ? LIMIT ?[0m  [["id", 2], ["LIMIT", 1]]
  Rendering school_classes/show.html.erb within layouts/application
  Rendered school_classes/show.html.erb within layouts/application (0.7ms)
Completed 200 OK in 45ms (Views: 43.7ms | ActiveRecord: 0.2ms)


Started GET "/school_classes/2" for ::1 at 2019-09-26 20:54:11 -0700
Processing by SchoolClassesController#show as HTML
  Parameters: {"id"=>"2"}
  [1m[36mSchoolClass Load (0.1ms)[0m  [1m[34mSELECT  "school_classes".* FROM "school_classes" WHERE "school_classes"."id" = ? LIMIT ?[0m  [["id", 2], ["LIMIT", 1]]
  Rendering school_classes/show.html.erb within layouts/application
  Rendered school_classes/show.html.erb within layouts/application (0.4ms)
Completed 200 OK in 9ms (Views: 7.7ms | ActiveRecord: 0.1ms)


Started GET "/school_classes/1" for ::1 at 2019-09-26 20:54:14 -0700
Processing by SchoolClassesController#show as HTML
  Parameters: {"id"=>"1"}
  [1m[36mSchoolClass Load (0.1ms)[0m  [1m[34mSELECT  "school_classes".* FROM "school_classes" WHERE "school_classes"."id" = ? LIMIT ?[0m  [["id", 1], ["LIMIT", 1]]
  Rendering school_classes/show.html.erb within layouts/application
  Rendered school_classes/show.html.erb within layouts/application (0.3ms)
Completed 200 OK in 16ms (Views: 14.7ms | ActiveRecord: 0.1ms)


  [1m[36mStudent Load (0.1ms)[0m  [1m[34mSELECT  "students".* FROM "students" WHERE "students"."id" = ? LIMIT ?[0m  [["id", 3], ["LIMIT", 1]]
Started GET "/students/3" for ::1 at 2019-09-26 20:56:25 -0700
Processing by StudentsController#show as HTML
  Parameters: {"id"=>"3"}
  [1m[36mStudent Load (0.1ms)[0m  [1m[34mSELECT  "students".* FROM "students" WHERE "students"."id" = ? LIMIT ?[0m  [["id", 3], ["LIMIT", 1]]
  Rendering students/show.html.erb within layouts/application
  Rendered students/show.html.erb within layouts/application (1.6ms)
Completed 500 Internal Server Error in 4ms (ActiveRecord: 0.1ms)


  
ActionView::Template::Error (undefined method `+' for nil:NilClass):
    1: <h1><%= @student.first_name %></h1>
    2: <p><%= @student.to_s %></p>
  
app/models/student.rb:3:in `to_s'
app/views/students/show.html.erb:2:in `_app_views_students_show_html_erb__990873431486618734_70316510296200'
  Rendering /Users/melissawilliams/.rbenv/versions/2.6.3/lib/ruby/gems/2.6.0/gems/actionpack-5.0.7.1/lib/action_dispatch/middleware/templates/rescues/template_error.html.erb within rescues/layout
  Rendering /Users/melissawilliams/.rbenv/versions/2.6.3/lib/ruby/gems/2.6.0/gems/actionpack-5.0.7.1/lib/action_dispatch/middleware/templates/rescues/_source.html.erb
  Rendered /Users/melissawilliams/.rbenv/versions/2.6.3/lib/ruby/gems/2.6.0/gems/actionpack-5.0.7.1/lib/action_dispatch/middleware/templates/rescues/_source.html.erb (2.8ms)
  Rendering /Users/melissawilliams/.rbenv/versions/2.6.3/lib/ruby/gems/2.6.0/gems/actionpack-5.0.7.1/lib/action_dispatch/middleware/templates/rescues/_trace.html.erb
  Rendered /Users/melissawilliams/.rbenv/versions/2.6.3/lib/ruby/gems/2.6.0/gems/actionpack-5.0.7.1/lib/action_dispatch/middleware/templates/rescues/_trace.html.erb (1.1ms)
  Rendering /Users/melissawilliams/.rbenv/versions/2.6.3/lib/ruby/gems/2.6.0/gems/actionpack-5.0.7.1/lib/action_dispatch/middleware/templates/rescues/_request_and_response.html.erb
  Rendered /Users/melissawilliams/.rbenv/versions/2.6.3/lib/ruby/gems/2.6.0/gems/actionpack-5.0.7.1/lib/action_dispatch/middleware/templates/rescues/_request_and_response.html.erb (0.7ms)
  Rendered /Users/melissawilliams/.rbenv/versions/2.6.3/lib/ruby/gems/2.6.0/gems/actionpack-5.0.7.1/lib/action_dispatch/middleware/templates/rescues/template_error.html.erb within rescues/layout (22.9ms)
Started GET "/students/3" for ::1 at 2019-09-26 20:56:42 -0700
Processing by StudentsController#show as HTML
  Parameters: {"id"=>"3"}
  [1m[36mStudent Load (0.1ms)[0m  [1m[34mSELECT  "students".* FROM "students" WHERE "students"."id" = ? LIMIT ?[0m  [["id", 3], ["LIMIT", 1]]
  Rendering students/show.html.erb within layouts/application
  Rendered students/show.html.erb within layouts/application (1.5ms)
Completed 500 Internal Server Error in 4ms (ActiveRecord: 0.1ms)


  
ActionView::Template::Error (undefined method `+' for nil:NilClass):
    1: <h1><%= @student.first_name %></h1>
    2: <p><%= @student.to_s %></p>
  
app/models/student.rb:3:in `to_s'
app/views/students/show.html.erb:2:in `_app_views_students_show_html_erb__990873431486618734_70316506126520'
  Rendering /Users/melissawilliams/.rbenv/versions/2.6.3/lib/ruby/gems/2.6.0/gems/actionpack-5.0.7.1/lib/action_dispatch/middleware/templates/rescues/template_error.html.erb within rescues/layout
  Rendering /Users/melissawilliams/.rbenv/versions/2.6.3/lib/ruby/gems/2.6.0/gems/actionpack-5.0.7.1/lib/action_dispatch/middleware/templates/rescues/_source.html.erb
  Rendered /Users/melissawilliams/.rbenv/versions/2.6.3/lib/ruby/gems/2.6.0/gems/actionpack-5.0.7.1/lib/action_dispatch/middleware/templates/rescues/_source.html.erb (2.6ms)
  Rendering /Users/melissawilliams/.rbenv/versions/2.6.3/lib/ruby/gems/2.6.0/gems/actionpack-5.0.7.1/lib/action_dispatch/middleware/templates/rescues/_trace.html.erb
  Rendered /Users/melissawilliams/.rbenv/versions/2.6.3/lib/ruby/gems/2.6.0/gems/actionpack-5.0.7.1/lib/action_dispatch/middleware/templates/rescues/_trace.html.erb (1.1ms)
  Rendering /Users/melissawilliams/.rbenv/versions/2.6.3/lib/ruby/gems/2.6.0/gems/actionpack-5.0.7.1/lib/action_dispatch/middleware/templates/rescues/_request_and_response.html.erb
  Rendered /Users/melissawilliams/.rbenv/versions/2.6.3/lib/ruby/gems/2.6.0/gems/actionpack-5.0.7.1/lib/action_dispatch/middleware/templates/rescues/_request_and_response.html.erb (0.7ms)
  Rendered /Users/melissawilliams/.rbenv/versions/2.6.3/lib/ruby/gems/2.6.0/gems/actionpack-5.0.7.1/lib/action_dispatch/middleware/templates/rescues/template_error.html.erb within rescues/layout (17.3ms)
  [1m[35m (0.1ms)[0m  [1m[36mbegin transaction[0m
  [1m[35mSQL (2.3ms)[0m  [1m[33mUPDATE "students" SET "first_name" = ?, "last_name" = ?, "updated_at" = ? WHERE "students"."id" = ?[0m  [["first_name", "Roger"], ["last_name", "Murtaugh"], ["updated_at", "2019-09-27 03:56:48.419334"], ["id", 3]]
  [1m[35m (1.2ms)[0m  [1m[36mcommit transaction[0m
Started GET "/students/3" for ::1 at 2019-09-26 20:56:51 -0700
Processing by StudentsController#show as HTML
  Parameters: {"id"=>"3"}
  [1m[36mStudent Load (0.1ms)[0m  [1m[34mSELECT  "students".* FROM "students" WHERE "students"."id" = ? LIMIT ?[0m  [["id", 3], ["LIMIT", 1]]
  Rendering students/show.html.erb within layouts/application
  Rendered students/show.html.erb within layouts/application (0.4ms)
Completed 200 OK in 20ms (Views: 17.6ms | ActiveRecord: 0.1ms)


Started GET "/" for ::1 at 2019-09-26 21:04:51 -0700
Processing by Rails::WelcomeController#index as HTML
  Parameters: {"internal"=>true}
  Rendering /Users/melissawilliams/.rbenv/versions/2.6.3/lib/ruby/gems/2.6.0/gems/railties-5.0.7.1/lib/rails/templates/rails/welcome/index.html.erb
  Rendered /Users/melissawilliams/.rbenv/versions/2.6.3/lib/ruby/gems/2.6.0/gems/railties-5.0.7.1/lib/rails/templates/rails/welcome/index.html.erb (2.4ms)
Completed 200 OK in 17ms (Views: 3.3ms | ActiveRecord: 0.0ms)


Started GET "/students/edit/3" for ::1 at 2019-09-26 21:04:58 -0700
  
ActionController::RoutingError (No route matches [GET] "/students/edit/3"):
  
actionpack (5.0.7.1) lib/action_dispatch/middleware/debug_exceptions.rb:53:in `call'
actionpack (5.0.7.1) lib/action_dispatch/middleware/show_exceptions.rb:31:in `call'
railties (5.0.7.1) lib/rails/rack/logger.rb:36:in `call_app'
railties (5.0.7.1) lib/rails/rack/logger.rb:24:in `block in call'
activesupport (5.0.7.1) lib/active_support/tagged_logging.rb:69:in `block in tagged'
activesupport (5.0.7.1) lib/active_support/tagged_logging.rb:26:in `tagged'
activesupport (5.0.7.1) lib/active_support/tagged_logging.rb:69:in `tagged'
railties (5.0.7.1) lib/rails/rack/logger.rb:24:in `call'
sprockets-rails (3.2.1) lib/sprockets/rails/quiet_assets.rb:13:in `call'
actionpack (5.0.7.1) lib/action_dispatch/middleware/request_id.rb:24:in `call'
rack (2.0.6) lib/rack/method_override.rb:22:in `call'
rack (2.0.6) lib/rack/runtime.rb:22:in `call'
activesupport (5.0.7.1) lib/active_support/cache/strategy/local_cache_middleware.rb:28:in `call'
actionpack (5.0.7.1) lib/action_dispatch/middleware/executor.rb:12:in `call'
actionpack (5.0.7.1) lib/action_dispatch/middleware/static.rb:136:in `call'
rack (2.0.6) lib/rack/sendfile.rb:111:in `call'
railties (5.0.7.1) lib/rails/engine.rb:522:in `call'
rack (2.0.6) lib/rack/handler/webrick.rb:86:in `service'
/Users/melissawilliams/.rbenv/versions/2.6.3/lib/ruby/2.6.0/webrick/httpserver.rb:140:in `service'
/Users/melissawilliams/.rbenv/versions/2.6.3/lib/ruby/2.6.0/webrick/httpserver.rb:96:in `run'
/Users/melissawilliams/.rbenv/versions/2.6.3/lib/ruby/2.6.0/webrick/server.rb:307:in `block in start_thread'
  Rendering /Users/melissawilliams/.rbenv/versions/2.6.3/lib/ruby/gems/2.6.0/gems/actionpack-5.0.7.1/lib/action_dispatch/middleware/templates/rescues/routing_error.html.erb within rescues/layout
  Rendering /Users/melissawilliams/.rbenv/versions/2.6.3/lib/ruby/gems/2.6.0/gems/actionpack-5.0.7.1/lib/action_dispatch/middleware/templates/rescues/_trace.html.erb
  Rendered /Users/melissawilliams/.rbenv/versions/2.6.3/lib/ruby/gems/2.6.0/gems/actionpack-5.0.7.1/lib/action_dispatch/middleware/templates/rescues/_trace.html.erb (1.0ms)
  Rendered collection of /Users/melissawilliams/.rbenv/versions/2.6.3/lib/ruby/gems/2.6.0/gems/actionpack-5.0.7.1/lib/action_dispatch/middleware/templates/routes/_route.html.erb [16 times] (11.9ms)
  Rendered /Users/melissawilliams/.rbenv/versions/2.6.3/lib/ruby/gems/2.6.0/gems/actionpack-5.0.7.1/lib/action_dispatch/middleware/templates/routes/_table.html.erb (4.7ms)
  Rendering /Users/melissawilliams/.rbenv/versions/2.6.3/lib/ruby/gems/2.6.0/gems/actionpack-5.0.7.1/lib/action_dispatch/middleware/templates/rescues/_request_and_response.html.erb
  Rendered /Users/melissawilliams/.rbenv/versions/2.6.3/lib/ruby/gems/2.6.0/gems/actionpack-5.0.7.1/lib/action_dispatch/middleware/templates/rescues/_request_and_response.html.erb (1.0ms)
  Rendered /Users/melissawilliams/.rbenv/versions/2.6.3/lib/ruby/gems/2.6.0/gems/actionpack-5.0.7.1/lib/action_dispatch/middleware/templates/rescues/routing_error.html.erb within rescues/layout (47.1ms)
Started GET "/students/3/edit" for ::1 at 2019-09-26 21:05:07 -0700
Processing by StudentsController#edit as HTML
  Parameters: {"id"=>"3"}
  [1m[36mStudent Load (0.1ms)[0m  [1m[34mSELECT  "students".* FROM "students" WHERE "students"."id" = ? LIMIT ?[0m  [["id", 3], ["LIMIT", 1]]
  Rendering students/edit.html.erb within layouts/application
  Rendered students/edit.html.erb within layouts/application (6.2ms)
Completed 200 OK in 42ms (Views: 25.1ms | ActiveRecord: 0.7ms)


Started PATCH "/students/3" for ::1 at 2019-09-26 21:05:15 -0700
Processing by StudentsController#update as HTML
  Parameters: {"utf8"=>"✓", "authenticity_token"=>"APlNS2k22EVJ19MUNpXZEwhqoM0ZIpwSrJy7oH5qObvwxbq1KlhW3VywMdWU5AIn+rpgn8II0Qvpn0s/kZqI6g==", "student"=>{"first_name"=>"Rog", "last_name"=>"Murtaugh"}, "commit"=>"Update Student", "id"=>"3"}
  [1m[36mStudent Load (0.6ms)[0m  [1m[34mSELECT  "students".* FROM "students" WHERE "students"."id" = ? LIMIT ?[0m  [["id", 3], ["LIMIT", 1]]
  [1m[35m (0.1ms)[0m  [1m[36mbegin transaction[0m
  [1m[35mSQL (0.8ms)[0m  [1m[33mUPDATE "students" SET "first_name" = ?, "updated_at" = ? WHERE "students"."id" = ?[0m  [["first_name", "Rog"], ["updated_at", "2019-09-27 04:05:15.620743"], ["id", 3]]
  [1m[35m (2.1ms)[0m  [1m[36mcommit transaction[0m
Redirected to http://localhost:3000/students/3
Completed 302 Found in 14ms (ActiveRecord: 3.6ms)


Started GET "/students/3" for ::1 at 2019-09-26 21:05:15 -0700
Processing by StudentsController#show as HTML
  Parameters: {"id"=>"3"}
  [1m[36mStudent Load (0.1ms)[0m  [1m[34mSELECT  "students".* FROM "students" WHERE "students"."id" = ? LIMIT ?[0m  [["id", 3], ["LIMIT", 1]]
  Rendering students/show.html.erb within layouts/application
  Rendered students/show.html.erb within layouts/application (0.6ms)
Completed 200 OK in 68ms (Views: 66.8ms | ActiveRecord: 0.1ms)


Started GET "/school_class/new" for ::1 at 2019-09-26 21:05:40 -0700
  
ActionController::RoutingError (No route matches [GET] "/school_class/new"):
  
actionpack (5.0.7.1) lib/action_dispatch/middleware/debug_exceptions.rb:53:in `call'
actionpack (5.0.7.1) lib/action_dispatch/middleware/show_exceptions.rb:31:in `call'
railties (5.0.7.1) lib/rails/rack/logger.rb:36:in `call_app'
railties (5.0.7.1) lib/rails/rack/logger.rb:24:in `block in call'
activesupport (5.0.7.1) lib/active_support/tagged_logging.rb:69:in `block in tagged'
activesupport (5.0.7.1) lib/active_support/tagged_logging.rb:26:in `tagged'
activesupport (5.0.7.1) lib/active_support/tagged_logging.rb:69:in `tagged'
railties (5.0.7.1) lib/rails/rack/logger.rb:24:in `call'
sprockets-rails (3.2.1) lib/sprockets/rails/quiet_assets.rb:13:in `call'
actionpack (5.0.7.1) lib/action_dispatch/middleware/request_id.rb:24:in `call'
rack (2.0.6) lib/rack/method_override.rb:22:in `call'
rack (2.0.6) lib/rack/runtime.rb:22:in `call'
activesupport (5.0.7.1) lib/active_support/cache/strategy/local_cache_middleware.rb:28:in `call'
actionpack (5.0.7.1) lib/action_dispatch/middleware/executor.rb:12:in `call'
actionpack (5.0.7.1) lib/action_dispatch/middleware/static.rb:136:in `call'
rack (2.0.6) lib/rack/sendfile.rb:111:in `call'
railties (5.0.7.1) lib/rails/engine.rb:522:in `call'
rack (2.0.6) lib/rack/handler/webrick.rb:86:in `service'
/Users/melissawilliams/.rbenv/versions/2.6.3/lib/ruby/2.6.0/webrick/httpserver.rb:140:in `service'
/Users/melissawilliams/.rbenv/versions/2.6.3/lib/ruby/2.6.0/webrick/httpserver.rb:96:in `run'
/Users/melissawilliams/.rbenv/versions/2.6.3/lib/ruby/2.6.0/webrick/server.rb:307:in `block in start_thread'
  Rendering /Users/melissawilliams/.rbenv/versions/2.6.3/lib/ruby/gems/2.6.0/gems/actionpack-5.0.7.1/lib/action_dispatch/middleware/templates/rescues/routing_error.html.erb within rescues/layout
  Rendering /Users/melissawilliams/.rbenv/versions/2.6.3/lib/ruby/gems/2.6.0/gems/actionpack-5.0.7.1/lib/action_dispatch/middleware/templates/rescues/_trace.html.erb
  Rendered /Users/melissawilliams/.rbenv/versions/2.6.3/lib/ruby/gems/2.6.0/gems/actionpack-5.0.7.1/lib/action_dispatch/middleware/templates/rescues/_trace.html.erb (0.7ms)
  Rendered collection of /Users/melissawilliams/.rbenv/versions/2.6.3/lib/ruby/gems/2.6.0/gems/actionpack-5.0.7.1/lib/action_dispatch/middleware/templates/routes/_route.html.erb [16 times] (4.9ms)
  Rendered /Users/melissawilliams/.rbenv/versions/2.6.3/lib/ruby/gems/2.6.0/gems/actionpack-5.0.7.1/lib/action_dispatch/middleware/templates/routes/_table.html.erb (0.9ms)
  Rendering /Users/melissawilliams/.rbenv/versions/2.6.3/lib/ruby/gems/2.6.0/gems/actionpack-5.0.7.1/lib/action_dispatch/middleware/templates/rescues/_request_and_response.html.erb
  Rendered /Users/melissawilliams/.rbenv/versions/2.6.3/lib/ruby/gems/2.6.0/gems/actionpack-5.0.7.1/lib/action_dispatch/middleware/templates/rescues/_request_and_response.html.erb (0.9ms)
  Rendered /Users/melissawilliams/.rbenv/versions/2.6.3/lib/ruby/gems/2.6.0/gems/actionpack-5.0.7.1/lib/action_dispatch/middleware/templates/rescues/routing_error.html.erb within rescues/layout (28.3ms)
Started GET "/school_classes/2/edit" for ::1 at 2019-09-26 21:05:48 -0700
Processing by SchoolClassesController#edit as HTML
  Parameters: {"id"=>"2"}
  [1m[36mSchoolClass Load (0.1ms)[0m  [1m[34mSELECT  "school_classes".* FROM "school_classes" WHERE "school_classes"."id" = ? LIMIT ?[0m  [["id", 2], ["LIMIT", 1]]
  Rendering school_classes/edit.html.erb within layouts/application
  Rendered school_classes/edit.html.erb within layouts/application (2.1ms)
Completed 500 Internal Server Error in 10ms (ActiveRecord: 0.4ms)


  
ActionView::Template::Error (First argument in form cannot contain nil or be empty):
    1: <h1>Student Edit Form</h1>
    2: 
    3: <%= form_for(@student) do |f| %>
    4:     <%= f.label :first_name%>
    5:     <%= f.text_field :first_name %>
    6:     <%= f.label :last_name %>
  
app/views/school_classes/edit.html.erb:3:in `_app_views_school_classes_edit_html_erb___1593007483797932456_70316467885060'
  Rendering /Users/melissawilliams/.rbenv/versions/2.6.3/lib/ruby/gems/2.6.0/gems/actionpack-5.0.7.1/lib/action_dispatch/middleware/templates/rescues/template_error.html.erb within rescues/layout
  Rendering /Users/melissawilliams/.rbenv/versions/2.6.3/lib/ruby/gems/2.6.0/gems/actionpack-5.0.7.1/lib/action_dispatch/middleware/templates/rescues/_source.html.erb
  Rendered /Users/melissawilliams/.rbenv/versions/2.6.3/lib/ruby/gems/2.6.0/gems/actionpack-5.0.7.1/lib/action_dispatch/middleware/templates/rescues/_source.html.erb (6.3ms)
  Rendering /Users/melissawilliams/.rbenv/versions/2.6.3/lib/ruby/gems/2.6.0/gems/actionpack-5.0.7.1/lib/action_dispatch/middleware/templates/rescues/_trace.html.erb
  Rendered /Users/melissawilliams/.rbenv/versions/2.6.3/lib/ruby/gems/2.6.0/gems/actionpack-5.0.7.1/lib/action_dispatch/middleware/templates/rescues/_trace.html.erb (1.2ms)
  Rendering /Users/melissawilliams/.rbenv/versions/2.6.3/lib/ruby/gems/2.6.0/gems/actionpack-5.0.7.1/lib/action_dispatch/middleware/templates/rescues/_request_and_response.html.erb
  Rendered /Users/melissawilliams/.rbenv/versions/2.6.3/lib/ruby/gems/2.6.0/gems/actionpack-5.0.7.1/lib/action_dispatch/middleware/templates/rescues/_request_and_response.html.erb (1.3ms)
  Rendered /Users/melissawilliams/.rbenv/versions/2.6.3/lib/ruby/gems/2.6.0/gems/actionpack-5.0.7.1/lib/action_dispatch/middleware/templates/rescues/template_error.html.erb within rescues/layout (26.3ms)
